<?xml version="1.0" encoding="UTF-8"?>
<!-- Generated by org.testng.reporters.JUnitXMLReporter -->
<testsuite hostname="debian" name="Default test" tests="1" failures="1" timestamp="13 Jan 2017 08:49:52 GMT" time="10.938" errors="0">
  <testcase name="testPostAPI" time="10.92" classname="comg.org.syncron.Sample">
    <failure type="org.json.JSONException" message="A JSONArray text must start with &amp;apos;[&amp;apos; at 1 [character 2 line 1]">
      <![CDATA[org.json.JSONException: A JSONArray text must start with '[' at 1 [character 2 line 1]
	at org.json.JSONTokener.syntaxError(JSONTokener.java:451)
	at org.json.JSONArray.<init>(JSONArray.java:108)
	at org.json.JSONArray.<init>(JSONArray.java:147)
	at comg.org.syncron.Sample.testPostAPI(Sample.java:90)
... Removed 24 stack frames]]>
    </failure>
  </testcase> <!-- testPostAPI -->
</testsuite> <!-- Default test -->
